<?xml version="1.0" encoding="UTF-8"?>
<!-- Generated by org.testng.reporters.JUnitReportReporter -->
<testsuite skipped="1" hostname="Vivek-PC" name="com.bewakoof.TestLayer.LoginPageTest" tests="2" failures="0" timestamp="21 Feb 2021 13:42:41 GMT" time="70.790" errors="0">
  <testcase name="verifyInvalidLoginFunctionalityForEmail" time="70.790" classname="com.bewakoof.TestLayer.LoginPageTest"/>
  <testcase name="verifyLoginPage_Elements" classname="com.bewakoof.TestLayer.LoginPageTest">
    <skipped/>
  </testcase> <!-- verifyLoginPage_Elements -->
</testsuite> <!-- com.bewakoof.TestLayer.LoginPageTest -->
