<?xml version="1.0" encoding="UTF-8"?>
<!-- Generated by org.testng.reporters.JUnitReportReporter -->
<testsuite skipped="0" hostname="Vivek-PC" name="com.bewakoof.TestLayer.LandingPageTest" tests="1" failures="0" timestamp="21 Feb 2021 06:27:07 GMT" time="40.096" errors="0">
  <testcase name="verifyLandingPage" time="40.096" classname="com.bewakoof.TestLayer.LandingPageTest"/>
</testsuite> <!-- com.bewakoof.TestLayer.LandingPageTest -->
