<?xml version="1.0" encoding="UTF-8"?>
<!-- Generated by org.testng.reporters.JUnitReportReporter -->
<testsuite skipped="0" hostname="Vivek-PC" name="com.bewakoof.TestLayer.LandingPageTest" tests="1" failures="0" timestamp="20 Feb 2021 07:48:40 GMT" time="13.558" errors="0">
  <testcase name="verifyLandingPage" time="13.558" classname="com.bewakoof.TestLayer.LandingPageTest"/>
</testsuite> <!-- com.bewakoof.TestLayer.LandingPageTest -->
