<?xml version="1.0" encoding="UTF-8"?>
<!-- Generated by org.testng.reporters.JUnitReportReporter -->
<testsuite skipped="0" hostname="Vivek-PC" name="com.bewakoof.TestLayer.LoginPageTest" tests="1" failures="0" timestamp="21 Feb 2021 07:26:18 GMT" time="60.818" errors="0">
  <testcase name="verifyLoginPage" time="60.818" classname="com.bewakoof.TestLayer.LoginPageTest"/>
</testsuite> <!-- com.bewakoof.TestLayer.LoginPageTest -->
